[debug] [2024-06-13T12:13:16.554Z] ----------------------------------------------------------------------
[debug] [2024-06-13T12:13:16.555Z] Command:       /home/ryan/.nvm/versions/node/v20.12.2/bin/node /home/ryan/.nvm/versions/node/v20.12.2/bin/firebase init
[debug] [2024-06-13T12:13:16.555Z] CLI Version:   13.11.2
[debug] [2024-06-13T12:13:16.555Z] Platform:      linux
[debug] [2024-06-13T12:13:16.555Z] Node Version:  v20.12.2
[debug] [2024-06-13T12:13:16.555Z] Time:          Thu Jun 13 2024 21:13:16 GMT+0900 (Korean Standard Time)
[debug] [2024-06-13T12:13:16.555Z] ----------------------------------------------------------------------
[debug] 
[debug] [2024-06-13T12:13:16.557Z] >>> [apiv2][query] GET https://firebase-public.firebaseio.com/cli.json [none]
[debug] [2024-06-13T12:13:16.581Z] > command requires scopes: ["email","openid","https://www.googleapis.com/auth/cloudplatformprojects.readonly","https://www.googleapis.com/auth/firebase","https://www.googleapis.com/auth/cloud-platform"]
[debug] [2024-06-13T12:13:16.581Z] > authorizing via signed-in user (ryan@sparcs.org)
[info] 
     ######## #### ########  ######## ########     ###     ######  ########
     ##        ##  ##     ## ##       ##     ##  ##   ##  ##       ##
     ######    ##  ########  ######   ########  #########  ######  ######
     ##        ##  ##    ##  ##       ##     ## ##     ##       ## ##
     ##       #### ##     ## ######## ########  ##     ##  ######  ########

You're about to initialize a Firebase project in this directory:

  /home/ryan/Front/callasio

[debug] [2024-06-13T12:13:16.999Z] <<< [apiv2][status] GET https://firebase-public.firebaseio.com/cli.json 200
[debug] [2024-06-13T12:13:16.999Z] <<< [apiv2][body] GET https://firebase-public.firebaseio.com/cli.json {"cloudBuildErrorAfter":1594252800000,"cloudBuildWarnAfter":1590019200000,"defaultNode10After":1594252800000,"minVersion":"3.0.5","node8DeploysDisabledAfter":1613390400000,"node8RuntimeDisabledAfter":1615809600000,"node8WarnAfter":1600128000000}
[info] 
=== Project Setup
[info] 
[info] First, let's associate this project directory with a Firebase project.
[info] You can create multiple project aliases by running firebase use --add, 
[info] but for now we'll just set up a default project.
[info] 
[debug] [2024-06-13T12:13:56.130Z] > refreshing access token with scopes: []
[debug] [2024-06-13T12:13:56.130Z] >>> [apiv2][query] POST https://www.googleapis.com/oauth2/v3/token [none]
[debug] [2024-06-13T12:13:56.130Z] >>> [apiv2][body] POST https://www.googleapis.com/oauth2/v3/token [omitted]
[debug] [2024-06-13T12:13:56.480Z] <<< [apiv2][status] POST https://www.googleapis.com/oauth2/v3/token 400
[debug] [2024-06-13T12:13:56.481Z] <<< [apiv2][body] POST https://www.googleapis.com/oauth2/v3/token [omitted]
[debug] [2024-06-13T12:13:56.481Z] Authentication Error: Your credentials are no longer valid. Please run firebase login --reauth

For CI servers and headless environments, generate a new token with firebase login:ci
[debug] [2024-06-13T12:13:56.813Z] FirebaseError: Authentication Error: Your credentials are no longer valid. Please run firebase login --reauth

For CI servers and headless environments, generate a new token with firebase login:ci
    at invalidCredentialError (/home/ryan/.nvm/versions/node/v20.12.2/lib/node_modules/firebase-tools/lib/auth.js:142:12)
    at refreshTokens (/home/ryan/.nvm/versions/node/v20.12.2/lib/node_modules/firebase-tools/lib/auth.js:515:15)
    at process.processTicksAndRejections (node:internal/process/task_queues:95:5)
    at async getAccessToken (/home/ryan/.nvm/versions/node/v20.12.2/lib/node_modules/firebase-tools/lib/apiv2.js:40:18)
    at async Client.addAuthHeader (/home/ryan/.nvm/versions/node/v20.12.2/lib/node_modules/firebase-tools/lib/apiv2.js:167:21)
    at async Client.request (/home/ryan/.nvm/versions/node/v20.12.2/lib/node_modules/firebase-tools/lib/apiv2.js:118:34)
    at async getProjectPage (/home/ryan/.nvm/versions/node/v20.12.2/lib/node_modules/firebase-tools/lib/management/projects.js:238:17)
    at async getFirebaseProjectPage (/home/ryan/.nvm/versions/node/v20.12.2/lib/node_modules/firebase-tools/lib/management/projects.js:255:23)
    at async selectProjectInteractively (/home/ryan/.nvm/versions/node/v20.12.2/lib/node_modules/firebase-tools/lib/management/projects.js:94:41)
    at async doSetup (/home/ryan/.nvm/versions/node/v20.12.2/lib/node_modules/firebase-tools/lib/init/features/project.js:88:27)
[error] 
[error] Error: Failed to list Firebase projects. See firebase-debug.log for more info.
